<?xml version="1.0" encoding="UTF-8"?>
<testsuite xmlns:xsi="http://www.w3.org/2001/XMLSchema-instance" xsi:noNamespaceSchemaLocation="https://maven.apache.org/surefire/maven-surefire-plugin/xsd/surefire-test-report-3.0.xsd" version="3.0" name="ak.AccountWhiteBoxTest" time="13.815" tests="56" errors="0" skipped="0" failures="0">
  <properties>
    <property name="java.specification.version" value="21"/>
    <property name="sun.cpu.isalist" value="amd64"/>
    <property name="sun.jnu.encoding" value="Cp1252"/>
    <property name="java.class.path" value="D:\ASU\Junior\SPRING25\Testing\Project\bankingGUI\banking_gui\target\test-classes;D:\ASU\Junior\SPRING25\Testing\Project\bankingGUI\banking_gui\target\classes;C:\Users\Rabbit\.m2\repository\junit\junit\4.13.2\junit-4.13.2.jar;C:\Users\Rabbit\.m2\repository\org\hamcrest\hamcrest-core\1.3\hamcrest-core-1.3.jar;C:\Users\Rabbit\.m2\repository\org\junit\platform\junit-platform-suite-api\1.9.3\junit-platform-suite-api-1.9.3.jar;C:\Users\Rabbit\.m2\repository\org\junit\platform\junit-platform-commons\1.9.3\junit-platform-commons-1.9.3.jar;C:\Users\Rabbit\.m2\repository\org\apiguardian\apiguardian-api\1.1.2\apiguardian-api-1.1.2.jar;C:\Users\Rabbit\.m2\repository\org\junit\jupiter\junit-jupiter\5.9.3\junit-jupiter-5.9.3.jar;C:\Users\Rabbit\.m2\repository\org\junit\jupiter\junit-jupiter-api\5.9.3\junit-jupiter-api-5.9.3.jar;C:\Users\Rabbit\.m2\repository\org\opentest4j\opentest4j\1.2.0\opentest4j-1.2.0.jar;C:\Users\Rabbit\.m2\repository\org\junit\jupiter\junit-jupiter-params\5.9.3\junit-jupiter-params-5.9.3.jar;C:\Users\Rabbit\.m2\repository\org\junit\jupiter\junit-jupiter-engine\5.9.3\junit-jupiter-engine-5.9.3.jar;C:\Users\Rabbit\.m2\repository\org\junit\platform\junit-platform-engine\1.9.3\junit-platform-engine-1.9.3.jar;C:\Users\Rabbit\.m2\repository\org\openjfx\javafx-controls\13\javafx-controls-13.jar;C:\Users\Rabbit\.m2\repository\org\openjfx\javafx-controls\13\javafx-controls-13-win.jar;C:\Users\Rabbit\.m2\repository\org\openjfx\javafx-graphics\13\javafx-graphics-13.jar;C:\Users\Rabbit\.m2\repository\org\openjfx\javafx-graphics\13\javafx-graphics-13-win.jar;C:\Users\Rabbit\.m2\repository\org\openjfx\javafx-base\13\javafx-base-13.jar;C:\Users\Rabbit\.m2\repository\org\openjfx\javafx-base\13\javafx-base-13-win.jar;C:\Users\Rabbit\.m2\repository\org\openjfx\javafx-fxml\13\javafx-fxml-13.jar;C:\Users\Rabbit\.m2\repository\org\openjfx\javafx-fxml\13\javafx-fxml-13-win.jar;C:\Users\Rabbit\.m2\repository\org\postgresql\postgresql\42.7.2\postgresql-42.7.2.jar;C:\Users\Rabbit\.m2\repository\org\checkerframework\checker-qual\3.42.0\checker-qual-3.42.0.jar;"/>
    <property name="java.vm.vendor" value="Oracle Corporation"/>
    <property name="sun.arch.data.model" value="64"/>
    <property name="user.variant" value=""/>
    <property name="java.vendor.url" value="https://java.oracle.com/"/>
    <property name="user.timezone" value="Africa/Cairo"/>
    <property name="os.name" value="Windows 10"/>
    <property name="java.vm.specification.version" value="21"/>
    <property name="sun.java.launcher" value="SUN_STANDARD"/>
    <property name="user.country" value="US"/>
    <property name="sun.boot.library.path" value="C:\Program Files\Java\jdk-21\bin"/>
    <property name="sun.java.command" value="C:\Users\Rabbit\AppData\Local\Temp\surefire1101146624326869263\surefirebooter-20250426030332529_3.jar C:\Users\Rabbit\AppData\Local\Temp\surefire1101146624326869263 2025-04-26T03-03-32_426-jvmRun1 surefire-20250426030332529_1tmp surefire_0-20250426030332529_2tmp"/>
    <property name="jdk.debug" value="release"/>
    <property name="surefire.test.class.path" value="D:\ASU\Junior\SPRING25\Testing\Project\bankingGUI\banking_gui\target\test-classes;D:\ASU\Junior\SPRING25\Testing\Project\bankingGUI\banking_gui\target\classes;C:\Users\Rabbit\.m2\repository\junit\junit\4.13.2\junit-4.13.2.jar;C:\Users\Rabbit\.m2\repository\org\hamcrest\hamcrest-core\1.3\hamcrest-core-1.3.jar;C:\Users\Rabbit\.m2\repository\org\junit\platform\junit-platform-suite-api\1.9.3\junit-platform-suite-api-1.9.3.jar;C:\Users\Rabbit\.m2\repository\org\junit\platform\junit-platform-commons\1.9.3\junit-platform-commons-1.9.3.jar;C:\Users\Rabbit\.m2\repository\org\apiguardian\apiguardian-api\1.1.2\apiguardian-api-1.1.2.jar;C:\Users\Rabbit\.m2\repository\org\junit\jupiter\junit-jupiter\5.9.3\junit-jupiter-5.9.3.jar;C:\Users\Rabbit\.m2\repository\org\junit\jupiter\junit-jupiter-api\5.9.3\junit-jupiter-api-5.9.3.jar;C:\Users\Rabbit\.m2\repository\org\opentest4j\opentest4j\1.2.0\opentest4j-1.2.0.jar;C:\Users\Rabbit\.m2\repository\org\junit\jupiter\junit-jupiter-params\5.9.3\junit-jupiter-params-5.9.3.jar;C:\Users\Rabbit\.m2\repository\org\junit\jupiter\junit-jupiter-engine\5.9.3\junit-jupiter-engine-5.9.3.jar;C:\Users\Rabbit\.m2\repository\org\junit\platform\junit-platform-engine\1.9.3\junit-platform-engine-1.9.3.jar;C:\Users\Rabbit\.m2\repository\org\openjfx\javafx-controls\13\javafx-controls-13.jar;C:\Users\Rabbit\.m2\repository\org\openjfx\javafx-controls\13\javafx-controls-13-win.jar;C:\Users\Rabbit\.m2\repository\org\openjfx\javafx-graphics\13\javafx-graphics-13.jar;C:\Users\Rabbit\.m2\repository\org\openjfx\javafx-graphics\13\javafx-graphics-13-win.jar;C:\Users\Rabbit\.m2\repository\org\openjfx\javafx-base\13\javafx-base-13.jar;C:\Users\Rabbit\.m2\repository\org\openjfx\javafx-base\13\javafx-base-13-win.jar;C:\Users\Rabbit\.m2\repository\org\openjfx\javafx-fxml\13\javafx-fxml-13.jar;C:\Users\Rabbit\.m2\repository\org\openjfx\javafx-fxml\13\javafx-fxml-13-win.jar;C:\Users\Rabbit\.m2\repository\org\postgresql\postgresql\42.7.2\postgresql-42.7.2.jar;C:\Users\Rabbit\.m2\repository\org\checkerframework\checker-qual\3.42.0\checker-qual-3.42.0.jar;"/>
    <property name="sun.cpu.endian" value="little"/>
    <property name="user.home" value="C:\Users\Rabbit"/>
    <property name="user.language" value="en"/>
    <property name="java.specification.vendor" value="Oracle Corporation"/>
    <property name="java.version.date" value="2024-01-16"/>
    <property name="java.home" value="C:\Program Files\Java\jdk-21"/>
    <property name="file.separator" value="\"/>
    <property name="basedir" value="D:\ASU\Junior\SPRING25\Testing\Project\bankingGUI\banking_gui"/>
    <property name="java.vm.compressedOopsMode" value="Zero based"/>
    <property name="line.separator" value="&#10;"/>
    <property name="java.vm.specification.vendor" value="Oracle Corporation"/>
    <property name="java.specification.name" value="Java Platform API Specification"/>
    <property name="surefire.real.class.path" value="C:\Users\Rabbit\AppData\Local\Temp\surefire1101146624326869263\surefirebooter-20250426030332529_3.jar"/>
    <property name="user.script" value=""/>
    <property name="sun.management.compiler" value="HotSpot 64-Bit Tiered Compilers"/>
    <property name="java.runtime.version" value="21.0.2+13-LTS-58"/>
    <property name="user.name" value="Rabbit"/>
    <property name="stdout.encoding" value="Cp1252"/>
    <property name="path.separator" value=";"/>
    <property name="os.version" value="10.0"/>
    <property name="java.runtime.name" value="Java(TM) SE Runtime Environment"/>
    <property name="file.encoding" value="UTF-8"/>
    <property name="java.vm.name" value="Java HotSpot(TM) 64-Bit Server VM"/>
    <property name="localRepository" value="C:\Users\Rabbit\.m2\repository"/>
    <property name="java.vendor.url.bug" value="https://bugreport.java.com/bugreport/"/>
    <property name="java.io.tmpdir" value="C:\Users\Rabbit\AppData\Local\Temp\"/>
    <property name="java.version" value="21.0.2"/>
    <property name="user.dir" value="D:\ASU\Junior\SPRING25\Testing\Project\bankingGUI\banking_gui"/>
    <property name="os.arch" value="amd64"/>
    <property name="java.vm.specification.name" value="Java Virtual Machine Specification"/>
    <property name="sun.os.patch.level" value=""/>
    <property name="native.encoding" value="Cp1252"/>
    <property name="java.library.path" value="C:\Program Files\Java\jdk-21\bin;C:\Windows\Sun\Java\bin;C:\Windows\system32;C:\Windows;c:\msys64\mingw64\bin;c:\msys64\mingw64\libexec\gcc\x86_64-w64-mingw32\8.2.0;C:\Python312\Scripts\;C:\Python312\;C:\Program Files\Common Files\Oracle\Java\javapath;C:\Program Files (x86)\Common Files\Oracle\Java\javapath;C:\Windows\system32;C:\Windows;C:\Windows\System32\Wbem;C:\Windows\System32\WindowsPowerShell\v1.0\;C:\Windows\System32\OpenSSH\;C:\Program Files (x86)\NVIDIA Corporation\PhysX\Common;C:\Program Files\NVIDIA Corporation\NVIDIA NvDLISR;C:\Program Files\dotnet\;C:\Program Files\Git\cmd;C:\Program Files\nodejs\;C:\ProgramData\chocolatey\bin;C:\Program Files\MongoDB\mongosh-2.2.5-win32-x64\bin;C:\Program Files (x86)\Microsoft SQL Server\160\Tools\Binn\;C:\Program Files\Microsoft SQL Server\160\Tools\Binn\;C:\Program Files\Microsoft SQL Server\Client SDK\ODBC\170\Tools\Binn\;C:\Program Files\Microsoft SQL Server\160\DTS\Binn\;C:\Program Files (x86)\Microsoft SQL Server\160\DTS\Binn\;D:\Programs\Matlab\bin;C:\Program Files\apache-maven-3.9.9\bin;C:\Users\Rabbit\AppData\Local\Microsoft\WindowsApps;C:\Users\Rabbit\AppData\Local\Programs\Microsoft VS Code\bin;C:\Program Files\JetBrains\IntelliJ IDEA Community Edition 2023.3.3\bin;;C:\Users\Rabbit\AppData\Local\GitHubDesktop\bin;C:\Users\Rabbit\AppData\Roaming\npm;C:\Program Files\LOVE;;C:\questasim64_2024.1\win64;c:\Users\Rabbit\AppData\Roaming\Code\User\globalStorage\github.copilot-chat\debugCommand;."/>
    <property name="java.vm.info" value="mixed mode, sharing"/>
    <property name="stderr.encoding" value="Cp1252"/>
    <property name="java.vendor" value="Oracle Corporation"/>
    <property name="java.vm.version" value="21.0.2+13-LTS-58"/>
    <property name="sun.io.unicode.encoding" value="UnicodeLittle"/>
    <property name="java.class.version" value="65.0"/>
  </properties>
  <testcase name="testWithdrawValidAmount" classname="ak.AccountWhiteBoxTest" time="0.186">
    <system-out><![CDATA[All data in the database has been erased.
Customer added successfully with ID: CUST-6a7491d4
Database connection closed successfully.
]]></system-out>
  </testcase>
  <testcase name="overdraftExactLimitAllowed" classname="ak.AccountWhiteBoxTest" time="0.164">
    <system-out><![CDATA[All data in the database has been erased.
Customer added successfully with ID: CUST-36cf4527
Database connection closed successfully.
]]></system-out>
  </testcase>
  <testcase name="testCheckingAccountWithdrawExceedingOverdraftLimit" classname="ak.AccountWhiteBoxTest" time="0.315">
    <system-out><![CDATA[All data in the database has been erased.
Customer added successfully with ID: CUST-a16b5e41
Database connection closed successfully.
]]></system-out>
  </testcase>
  <testcase name="withdrawFromInactiveAccountThrows" classname="ak.AccountWhiteBoxTest" time="0.19">
    <system-out><![CDATA[All data in the database has been erased.
Customer added successfully with ID: CUST-515fcd76
Database connection closed successfully.
]]></system-out>
  </testcase>
  <testcase name="addInterest_tinyBalanceRoundsUp" classname="ak.AccountWhiteBoxTest" time="0.291">
    <system-out><![CDATA[All data in the database has been erased.
Customer added successfully with ID: CUST-4414f1c0
Deposited $0.001 to ACC-849428
Database connection closed successfully.
]]></system-out>
  </testcase>
  <testcase name="testAccountCreation" classname="ak.AccountWhiteBoxTest" time="0.176">
    <system-out><![CDATA[All data in the database has been erased.
Customer added successfully with ID: CUST-72bd3b40
Database connection closed successfully.
]]></system-out>
  </testcase>
  <testcase name="testProcessTransactionWithdrawal" classname="ak.AccountWhiteBoxTest" time="0.403">
    <system-out><![CDATA[All data in the database has been erased.
Customer added successfully with ID: CUST-e9853fa1
Account created successfully for Test User
Withdrawing 50.0 from account: ACC-141027
Transaction recorded: TXN-f525bd3e
Database connection closed successfully.
]]></system-out>
  </testcase>
  <testcase name="testIsActivatedTrueInitially" classname="ak.AccountWhiteBoxTest" time="0.29">
    <system-out><![CDATA[All data in the database has been erased.
Customer added successfully with ID: CUST-b974dcd4
Database connection closed successfully.
]]></system-out>
  </testcase>
  <testcase name="testCreateCheckingAccount" classname="ak.AccountWhiteBoxTest" time="0.178">
    <system-out><![CDATA[All data in the database has been erased.
Customer added successfully with ID: CUST-405359ef
Database connection closed successfully.
]]></system-out>
    <system-err><![CDATA[Error creating account: ERROR: insert or update on table "accounts" violates foreign key constraint "accounts_customer_id_fkey"
  Detail: Key (customer_id)=(C2) is not present in table "customers".
]]></system-err>
  </testcase>
  <testcase name="toggleActivationTwiceRestoresOriginalState" classname="ak.AccountWhiteBoxTest" time="0.176">
    <system-out><![CDATA[All data in the database has been erased.
Customer added successfully with ID: CUST-b71964ad
Database connection closed successfully.
]]></system-out>
  </testcase>
  <testcase name="processTransactionWithNullTypeThrows" classname="ak.AccountWhiteBoxTest" time="0.281">
    <system-out><![CDATA[All data in the database has been erased.
Customer added successfully with ID: CUST-3a8842d6
Database connection closed successfully.
]]></system-out>
  </testcase>
  <testcase name="toggleActivationOffThenOn" classname="ak.AccountWhiteBoxTest" time="0.295">
    <system-out><![CDATA[All data in the database has been erased.
Customer added successfully with ID: CUST-eae35048
Database connection closed successfully.
]]></system-out>
  </testcase>
  <testcase name="depositZeroToInactiveThrows" classname="ak.AccountWhiteBoxTest" time="0.184">
    <system-out><![CDATA[All data in the database has been erased.
Customer added successfully with ID: CUST-225016a8
Database connection closed successfully.
]]></system-out>
  </testcase>
  <testcase name="addInterestOnZeroBalanceShouldStayZero" classname="ak.AccountWhiteBoxTest" time="0.286">
    <system-out><![CDATA[All data in the database has been erased.
Customer added successfully with ID: CUST-ba4370af
Database connection closed successfully.
]]></system-out>
  </testcase>
  <testcase name="testCreateAccountWithNegativeOverdraftLimit" classname="ak.AccountWhiteBoxTest" time="0.178">
    <system-out><![CDATA[All data in the database has been erased.
Customer added successfully with ID: CUST-8fc388f8
Database connection closed successfully.
]]></system-out>
  </testcase>
  <testcase name="constructorWithExplicitNumber" classname="ak.AccountWhiteBoxTest" time="0.278">
    <system-out><![CDATA[All data in the database has been erased.
Customer added successfully with ID: CUST-2fc43236
Database connection closed successfully.
]]></system-out>
  </testcase>
  <testcase name="testCheckingAccountCreationWithNegativeOverdraftLimit" classname="ak.AccountWhiteBoxTest" time="0.512">
    <system-out><![CDATA[All data in the database has been erased.
Customer added successfully with ID: CUST-be1566dd
Database connection closed successfully.
]]></system-out>
  </testcase>
  <testcase name="testIsAccountOwnedByCustomer" classname="ak.AccountWhiteBoxTest" time="0.331">
    <system-out><![CDATA[All data in the database has been erased.
Customer added successfully with ID: CUST-9e0af694
Account created successfully for Test User
Database connection closed successfully.
]]></system-out>
  </testcase>
  <testcase name="withdrawZeroFromInactiveThrows" classname="ak.AccountWhiteBoxTest" time="0.172">
    <system-out><![CDATA[All data in the database has been erased.
Customer added successfully with ID: CUST-674738c3
Database connection closed successfully.
]]></system-out>
  </testcase>
  <testcase name="testCheckingAccountWithdrawInactive" classname="ak.AccountWhiteBoxTest" time="0.296">
    <system-out><![CDATA[All data in the database has been erased.
Customer added successfully with ID: CUST-4d1984d4
Database connection closed successfully.
]]></system-out>
  </testcase>
  <testcase name="checkingWithdrawToLimit" classname="ak.AccountWhiteBoxTest" time="0.506">
    <system-out><![CDATA[All data in the database has been erased.
Customer added successfully with ID: CUST-30489f6b
Database connection closed successfully.
]]></system-out>
  </testcase>
  <testcase name="testSavingsAccountAddInterest" classname="ak.AccountWhiteBoxTest" time="0.282">
    <system-out><![CDATA[All data in the database has been erased.
Customer added successfully with ID: CUST-7846cf4c
Deposited $50.0 to ACC-120821
Database connection closed successfully.
]]></system-out>
  </testcase>
  <testcase name="constructorAutoGeneratesNumber" classname="ak.AccountWhiteBoxTest" time="0.172">
    <system-out><![CDATA[All data in the database has been erased.
Customer added successfully with ID: CUST-c6b05964
Database connection closed successfully.
]]></system-out>
  </testcase>
  <testcase name="addZeroPercentInterestShouldNotChangeBalance" classname="ak.AccountWhiteBoxTest" time="0.279">
    <system-out><![CDATA[All data in the database has been erased.
Customer added successfully with ID: CUST-5df7198b
Database connection closed successfully.
]]></system-out>
  </testcase>
  <testcase name="testAccountNumberFormat" classname="ak.AccountWhiteBoxTest" time="0.169">
    <system-out><![CDATA[All data in the database has been erased.
Customer added successfully with ID: CUST-6266bc5e
Database connection closed successfully.
]]></system-out>
  </testcase>
  <testcase name="testDeleteNonExistingAccount" classname="ak.AccountWhiteBoxTest" time="0.391">
    <system-out><![CDATA[All data in the database has been erased.
Customer added successfully with ID: CUST-da700cc2
Account not found.
Database connection closed successfully.
]]></system-out>
  </testcase>
  <testcase name="testGetAccountByNumber" classname="ak.AccountWhiteBoxTest" time="0.181">
    <system-out><![CDATA[All data in the database has been erased.
Customer added successfully with ID: CUST-38039ffd
Account created successfully for Test User
Database connection closed successfully.
]]></system-out>
  </testcase>
  <testcase name="testGetBalance" classname="ak.AccountWhiteBoxTest" time="0.181">
    <system-out><![CDATA[All data in the database has been erased.
Customer added successfully with ID: CUST-3f25620d
Database connection closed successfully.
]]></system-out>
  </testcase>
  <testcase name="testGetCustomerId" classname="ak.AccountWhiteBoxTest" time="0.276">
    <system-out><![CDATA[All data in the database has been erased.
Customer added successfully with ID: CUST-d7f71207
Database connection closed successfully.
]]></system-out>
  </testcase>
  <testcase name="addInterestHighBalance" classname="ak.AccountWhiteBoxTest" time="0.177">
    <system-out><![CDATA[All data in the database has been erased.
Customer added successfully with ID: CUST-341ecb50
Deposited $50000.0 to ACC-325804
Database connection closed successfully.
]]></system-out>
  </testcase>
  <testcase name="processTransaction_noMatchingAccount_noChange" classname="ak.AccountWhiteBoxTest" time="0.287">
    <system-out><![CDATA[All data in the database has been erased.
Customer added successfully with ID: CUST-bf5fc36b
Database connection closed successfully.
]]></system-out>
  </testcase>
  <testcase name="testGetHolderName" classname="ak.AccountWhiteBoxTest" time="0.197">
    <system-out><![CDATA[All data in the database has been erased.
Customer added successfully with ID: CUST-82ec6d22
Database connection closed successfully.
]]></system-out>
  </testcase>
  <testcase name="testProcessTransactionDeposit" classname="ak.AccountWhiteBoxTest" time="0.393">
    <system-out><![CDATA[All data in the database has been erased.
Customer added successfully with ID: CUST-2f4d9c41
Account created successfully for Test User
Depositing 50.0 to account: ACC-936154
Deposited $50.0 to ACC-936154
Transaction recorded: TXN-6060fae4
Database connection closed successfully.
]]></system-out>
  </testcase>
  <testcase name="testDeleteAccount" classname="ak.AccountWhiteBoxTest" time="0.18">
    <system-out><![CDATA[All data in the database has been erased.
Customer added successfully with ID: CUST-6d8b7449
Account created successfully for Test User
Account deleted.
Database connection closed successfully.
]]></system-out>
  </testcase>
  <testcase name="overdraftSlightlyOverLimitRejected" classname="ak.AccountWhiteBoxTest" time="0.174">
    <system-out><![CDATA[All data in the database has been erased.
Customer added successfully with ID: CUST-739726ef
Database connection closed successfully.
]]></system-out>
  </testcase>
  <testcase name="testProcessTransactionTransfer" classname="ak.AccountWhiteBoxTest" time="0.176">
    <system-out><![CDATA[All data in the database has been erased.
Customer added successfully with ID: CUST-7e8de6b4
Account created successfully for From User
Account created successfully for To User
Depositing 50.0 to account: ACC-491165
Deposited $50.0 to ACC-491165
Withdrawing 50.0 from account: ACC-051759
Transaction recorded: TXN-5024ac07
Database connection closed successfully.
]]></system-out>
  </testcase>
  <testcase name="testSavingsAccountCreationWithNegativeInterestRate" classname="ak.AccountWhiteBoxTest" time="0.171">
    <system-out><![CDATA[All data in the database has been erased.
Customer added successfully with ID: CUST-8bfeed26
Database connection closed successfully.
]]></system-out>
  </testcase>
  <testcase name="testDepositNegativeAmount" classname="ak.AccountWhiteBoxTest" time="0.291">
    <system-out><![CDATA[All data in the database has been erased.
Customer added successfully with ID: CUST-b75c56b7
Database connection closed successfully.
]]></system-out>
  </testcase>
  <testcase name="testProcessInvalidTransaction" classname="ak.AccountWhiteBoxTest" time="0.167">
    <system-out><![CDATA[All data in the database has been erased.
Customer added successfully with ID: CUST-502eefd3
Database connection closed successfully.
]]></system-out>
  </testcase>
  <testcase name="addInterestWhenDeactivatedThrows" classname="ak.AccountWhiteBoxTest" time="0.177">
    <system-out><![CDATA[All data in the database has been erased.
Customer added successfully with ID: CUST-8c38a9cb
Database connection closed successfully.
]]></system-out>
  </testcase>
  <testcase name="testCreateSavingsAccount" classname="ak.AccountWhiteBoxTest" time="0.172">
    <system-out><![CDATA[All data in the database has been erased.
Customer added successfully with ID: CUST-eb6b877e
Database connection closed successfully.
]]></system-out>
    <system-err><![CDATA[Error creating account: ERROR: insert or update on table "accounts" violates foreign key constraint "accounts_customer_id_fkey"
  Detail: Key (customer_id)=(C1) is not present in table "customers".
]]></system-err>
  </testcase>
  <testcase name="processTransaction_invalidBothNull" classname="ak.AccountWhiteBoxTest" time="0.18">
    <system-out><![CDATA[All data in the database has been erased.
Customer added successfully with ID: CUST-ae4b87c9
Database connection closed successfully.
]]></system-out>
  </testcase>
  <testcase name="testDepositPositiveAmount" classname="ak.AccountWhiteBoxTest" time="0.27">
    <system-out><![CDATA[All data in the database has been erased.
Customer added successfully with ID: CUST-03766a6e
Deposited $500.0 to ACC-694918
Database connection closed successfully.
]]></system-out>
  </testcase>
  <testcase name="testWithdrawNegativeAmount" classname="ak.AccountWhiteBoxTest" time="0.3">
    <system-out><![CDATA[All data in the database has been erased.
Customer added successfully with ID: CUST-045a6e34
Database connection closed successfully.
]]></system-out>
  </testcase>
  <testcase name="testUpdateAccountActivation" classname="ak.AccountWhiteBoxTest" time="0.313">
    <system-out><![CDATA[All data in the database has been erased.
Customer added successfully with ID: CUST-fa03c15b
Account created successfully for Test User
Database connection closed successfully.
]]></system-out>
  </testcase>
  <testcase name="setActivatedTogglesFlag" classname="ak.AccountWhiteBoxTest" time="0.168">
    <system-out><![CDATA[All data in the database has been erased.
Customer added successfully with ID: CUST-b7fe3d94
Database connection closed successfully.
]]></system-out>
  </testcase>
  <testcase name="depositToInactiveAccountThrows" classname="ak.AccountWhiteBoxTest" time="0.29">
    <system-out><![CDATA[All data in the database has been erased.
Customer added successfully with ID: CUST-40cad7bb
Database connection closed successfully.
]]></system-out>
  </testcase>
  <testcase name="testDisplayAllAccounts" classname="ak.AccountWhiteBoxTest" time="0.281">
    <system-out><![CDATA[All data in the database has been erased.
Customer added successfully with ID: CUST-ffb0dfbe
Database connection closed successfully.
]]></system-out>
    <system-err><![CDATA[Error creating account: ERROR: insert or update on table "accounts" violates foreign key constraint "accounts_customer_id_fkey"
  Detail: Key (customer_id)=(C12) is not present in table "customers".
]]></system-err>
  </testcase>
  <testcase name="testWithdrawAmountGreaterThanBalance" classname="ak.AccountWhiteBoxTest" time="0.284">
    <system-out><![CDATA[All data in the database has been erased.
Customer added successfully with ID: CUST-247a20e0
Database connection closed successfully.
]]></system-out>
  </testcase>
  <testcase name="testAccountCreationWithNegativeBalance" classname="ak.AccountWhiteBoxTest" time="0.177">
    <system-out><![CDATA[All data in the database has been erased.
Customer added successfully with ID: CUST-51ee8ab5
Database connection closed successfully.
]]></system-out>
  </testcase>
  <testcase name="savingsWithdrawLeavesZeroBalance" classname="ak.AccountWhiteBoxTest" time="0.173">
    <system-out><![CDATA[All data in the database has been erased.
Customer added successfully with ID: CUST-0fbaf43f
Database connection closed successfully.
]]></system-out>
  </testcase>
  <testcase name="depositRejectsZeroOrNegative" classname="ak.AccountWhiteBoxTest" time="0.167">
    <system-out><![CDATA[All data in the database has been erased.
Customer added successfully with ID: CUST-b83230b0
Database connection closed successfully.
]]></system-out>
  </testcase>
  <testcase name="testCheckingAccountWithdrawWithinOverdraftLimit" classname="ak.AccountWhiteBoxTest" time="0.273">
    <system-out><![CDATA[All data in the database has been erased.
Customer added successfully with ID: CUST-9a701d16
Database connection closed successfully.
]]></system-out>
  </testcase>
  <testcase name="testSavingsAccountAddInterestInactive" classname="ak.AccountWhiteBoxTest" time="0.282">
    <system-out><![CDATA[All data in the database has been erased.
Customer added successfully with ID: CUST-545da62b
Database connection closed successfully.
]]></system-out>
  </testcase>
  <testcase name="testAccountManagerInitialization" classname="ak.AccountWhiteBoxTest" time="0.185">
    <system-out><![CDATA[All data in the database has been erased.
Customer added successfully with ID: CUST-5f832726
Database connection closed successfully.
]]></system-out>
    <system-err><![CDATA[Error creating account: ERROR: insert or update on table "accounts" violates foreign key constraint "accounts_customer_id_fkey"
  Detail: Key (customer_id)=(C0) is not present in table "customers".
]]></system-err>
  </testcase>
  <testcase name="savingsWithdraw_exactBalance" classname="ak.AccountWhiteBoxTest" time="0.281">
    <system-out><![CDATA[All data in the database has been erased.
Customer added successfully with ID: CUST-5929dfa3
Database connection closed successfully.
]]></system-out>
  </testcase>
</testsuite>