<?xml version="1.0" encoding="UTF-8"?>
<testsuite xmlns:xsi="http://www.w3.org/2001/XMLSchema-instance" xsi:noNamespaceSchemaLocation="https://maven.apache.org/surefire/maven-surefire-plugin/xsd/surefire-test-report-3.0.xsd" version="3.0" name="ak.LoanWhiteBoxTest" time="4.806" tests="23" errors="0" skipped="0" failures="0">
  <properties>
    <property name="java.specification.version" value="21"/>
    <property name="sun.cpu.isalist" value="amd64"/>
    <property name="sun.jnu.encoding" value="Cp1252"/>
    <property name="java.class.path" value="D:\ASU\Junior\SPRING25\Testing\Project\bankingGUI\banking_gui\target\test-classes;D:\ASU\Junior\SPRING25\Testing\Project\bankingGUI\banking_gui\target\classes;C:\Users\Rabbit\.m2\repository\junit\junit\4.13.2\junit-4.13.2.jar;C:\Users\Rabbit\.m2\repository\org\hamcrest\hamcrest-core\1.3\hamcrest-core-1.3.jar;C:\Users\Rabbit\.m2\repository\org\junit\platform\junit-platform-suite-api\1.9.3\junit-platform-suite-api-1.9.3.jar;C:\Users\Rabbit\.m2\repository\org\junit\platform\junit-platform-commons\1.9.3\junit-platform-commons-1.9.3.jar;C:\Users\Rabbit\.m2\repository\org\apiguardian\apiguardian-api\1.1.2\apiguardian-api-1.1.2.jar;C:\Users\Rabbit\.m2\repository\org\junit\jupiter\junit-jupiter\5.9.3\junit-jupiter-5.9.3.jar;C:\Users\Rabbit\.m2\repository\org\junit\jupiter\junit-jupiter-api\5.9.3\junit-jupiter-api-5.9.3.jar;C:\Users\Rabbit\.m2\repository\org\opentest4j\opentest4j\1.2.0\opentest4j-1.2.0.jar;C:\Users\Rabbit\.m2\repository\org\junit\jupiter\junit-jupiter-params\5.9.3\junit-jupiter-params-5.9.3.jar;C:\Users\Rabbit\.m2\repository\org\junit\jupiter\junit-jupiter-engine\5.9.3\junit-jupiter-engine-5.9.3.jar;C:\Users\Rabbit\.m2\repository\org\junit\platform\junit-platform-engine\1.9.3\junit-platform-engine-1.9.3.jar;C:\Users\Rabbit\.m2\repository\org\openjfx\javafx-controls\13\javafx-controls-13.jar;C:\Users\Rabbit\.m2\repository\org\openjfx\javafx-controls\13\javafx-controls-13-win.jar;C:\Users\Rabbit\.m2\repository\org\openjfx\javafx-graphics\13\javafx-graphics-13.jar;C:\Users\Rabbit\.m2\repository\org\openjfx\javafx-graphics\13\javafx-graphics-13-win.jar;C:\Users\Rabbit\.m2\repository\org\openjfx\javafx-base\13\javafx-base-13.jar;C:\Users\Rabbit\.m2\repository\org\openjfx\javafx-base\13\javafx-base-13-win.jar;C:\Users\Rabbit\.m2\repository\org\openjfx\javafx-fxml\13\javafx-fxml-13.jar;C:\Users\Rabbit\.m2\repository\org\openjfx\javafx-fxml\13\javafx-fxml-13-win.jar;C:\Users\Rabbit\.m2\repository\org\postgresql\postgresql\42.7.2\postgresql-42.7.2.jar;C:\Users\Rabbit\.m2\repository\org\checkerframework\checker-qual\3.42.0\checker-qual-3.42.0.jar;"/>
    <property name="java.vm.vendor" value="Oracle Corporation"/>
    <property name="sun.arch.data.model" value="64"/>
    <property name="user.variant" value=""/>
    <property name="java.vendor.url" value="https://java.oracle.com/"/>
    <property name="user.timezone" value="Africa/Cairo"/>
    <property name="os.name" value="Windows 10"/>
    <property name="java.vm.specification.version" value="21"/>
    <property name="sun.java.launcher" value="SUN_STANDARD"/>
    <property name="user.country" value="US"/>
    <property name="sun.boot.library.path" value="C:\Program Files\Java\jdk-21\bin"/>
    <property name="sun.java.command" value="C:\Users\Rabbit\AppData\Local\Temp\surefire16837999127648972359\surefirebooter-20250426154520335_3.jar C:\Users\Rabbit\AppData\Local\Temp\surefire16837999127648972359 2025-04-26T15-45-20_220-jvmRun1 surefire-20250426154520335_1tmp surefire_0-20250426154520335_2tmp"/>
    <property name="jdk.debug" value="release"/>
    <property name="surefire.test.class.path" value="D:\ASU\Junior\SPRING25\Testing\Project\bankingGUI\banking_gui\target\test-classes;D:\ASU\Junior\SPRING25\Testing\Project\bankingGUI\banking_gui\target\classes;C:\Users\Rabbit\.m2\repository\junit\junit\4.13.2\junit-4.13.2.jar;C:\Users\Rabbit\.m2\repository\org\hamcrest\hamcrest-core\1.3\hamcrest-core-1.3.jar;C:\Users\Rabbit\.m2\repository\org\junit\platform\junit-platform-suite-api\1.9.3\junit-platform-suite-api-1.9.3.jar;C:\Users\Rabbit\.m2\repository\org\junit\platform\junit-platform-commons\1.9.3\junit-platform-commons-1.9.3.jar;C:\Users\Rabbit\.m2\repository\org\apiguardian\apiguardian-api\1.1.2\apiguardian-api-1.1.2.jar;C:\Users\Rabbit\.m2\repository\org\junit\jupiter\junit-jupiter\5.9.3\junit-jupiter-5.9.3.jar;C:\Users\Rabbit\.m2\repository\org\junit\jupiter\junit-jupiter-api\5.9.3\junit-jupiter-api-5.9.3.jar;C:\Users\Rabbit\.m2\repository\org\opentest4j\opentest4j\1.2.0\opentest4j-1.2.0.jar;C:\Users\Rabbit\.m2\repository\org\junit\jupiter\junit-jupiter-params\5.9.3\junit-jupiter-params-5.9.3.jar;C:\Users\Rabbit\.m2\repository\org\junit\jupiter\junit-jupiter-engine\5.9.3\junit-jupiter-engine-5.9.3.jar;C:\Users\Rabbit\.m2\repository\org\junit\platform\junit-platform-engine\1.9.3\junit-platform-engine-1.9.3.jar;C:\Users\Rabbit\.m2\repository\org\openjfx\javafx-controls\13\javafx-controls-13.jar;C:\Users\Rabbit\.m2\repository\org\openjfx\javafx-controls\13\javafx-controls-13-win.jar;C:\Users\Rabbit\.m2\repository\org\openjfx\javafx-graphics\13\javafx-graphics-13.jar;C:\Users\Rabbit\.m2\repository\org\openjfx\javafx-graphics\13\javafx-graphics-13-win.jar;C:\Users\Rabbit\.m2\repository\org\openjfx\javafx-base\13\javafx-base-13.jar;C:\Users\Rabbit\.m2\repository\org\openjfx\javafx-base\13\javafx-base-13-win.jar;C:\Users\Rabbit\.m2\repository\org\openjfx\javafx-fxml\13\javafx-fxml-13.jar;C:\Users\Rabbit\.m2\repository\org\openjfx\javafx-fxml\13\javafx-fxml-13-win.jar;C:\Users\Rabbit\.m2\repository\org\postgresql\postgresql\42.7.2\postgresql-42.7.2.jar;C:\Users\Rabbit\.m2\repository\org\checkerframework\checker-qual\3.42.0\checker-qual-3.42.0.jar;"/>
    <property name="sun.cpu.endian" value="little"/>
    <property name="user.home" value="C:\Users\Rabbit"/>
    <property name="user.language" value="en"/>
    <property name="java.specification.vendor" value="Oracle Corporation"/>
    <property name="java.version.date" value="2024-01-16"/>
    <property name="java.home" value="C:\Program Files\Java\jdk-21"/>
    <property name="file.separator" value="\"/>
    <property name="basedir" value="D:\ASU\Junior\SPRING25\Testing\Project\bankingGUI\banking_gui"/>
    <property name="java.vm.compressedOopsMode" value="Zero based"/>
    <property name="line.separator" value="&#10;"/>
    <property name="java.vm.specification.vendor" value="Oracle Corporation"/>
    <property name="java.specification.name" value="Java Platform API Specification"/>
    <property name="surefire.real.class.path" value="C:\Users\Rabbit\AppData\Local\Temp\surefire16837999127648972359\surefirebooter-20250426154520335_3.jar"/>
    <property name="user.script" value=""/>
    <property name="sun.management.compiler" value="HotSpot 64-Bit Tiered Compilers"/>
    <property name="java.runtime.version" value="21.0.2+13-LTS-58"/>
    <property name="user.name" value="Rabbit"/>
    <property name="stdout.encoding" value="Cp1252"/>
    <property name="path.separator" value=";"/>
    <property name="os.version" value="10.0"/>
    <property name="java.runtime.name" value="Java(TM) SE Runtime Environment"/>
    <property name="file.encoding" value="UTF-8"/>
    <property name="java.vm.name" value="Java HotSpot(TM) 64-Bit Server VM"/>
    <property name="localRepository" value="C:\Users\Rabbit\.m2\repository"/>
    <property name="java.vendor.url.bug" value="https://bugreport.java.com/bugreport/"/>
    <property name="java.io.tmpdir" value="C:\Users\Rabbit\AppData\Local\Temp\"/>
    <property name="java.version" value="21.0.2"/>
    <property name="user.dir" value="D:\ASU\Junior\SPRING25\Testing\Project\bankingGUI\banking_gui"/>
    <property name="os.arch" value="amd64"/>
    <property name="java.vm.specification.name" value="Java Virtual Machine Specification"/>
    <property name="sun.os.patch.level" value=""/>
    <property name="native.encoding" value="Cp1252"/>
    <property name="java.library.path" value="C:\Program Files\Java\jdk-21\bin;C:\Windows\Sun\Java\bin;C:\Windows\system32;C:\Windows;c:\msys64\mingw64\bin;c:\msys64\mingw64\libexec\gcc\x86_64-w64-mingw32\8.2.0;C:\Python312\Scripts\;C:\Python312\;C:\Program Files\Common Files\Oracle\Java\javapath;C:\Program Files (x86)\Common Files\Oracle\Java\javapath;C:\Windows\system32;C:\Windows;C:\Windows\System32\Wbem;C:\Windows\System32\WindowsPowerShell\v1.0\;C:\Windows\System32\OpenSSH\;C:\Program Files (x86)\NVIDIA Corporation\PhysX\Common;C:\Program Files\NVIDIA Corporation\NVIDIA NvDLISR;C:\Program Files\dotnet\;C:\Program Files\Git\cmd;C:\Program Files\nodejs\;C:\ProgramData\chocolatey\bin;C:\Program Files\MongoDB\mongosh-2.2.5-win32-x64\bin;C:\Program Files (x86)\Microsoft SQL Server\160\Tools\Binn\;C:\Program Files\Microsoft SQL Server\160\Tools\Binn\;C:\Program Files\Microsoft SQL Server\Client SDK\ODBC\170\Tools\Binn\;C:\Program Files\Microsoft SQL Server\160\DTS\Binn\;C:\Program Files (x86)\Microsoft SQL Server\160\DTS\Binn\;D:\Programs\Matlab\bin;C:\Program Files\apache-maven-3.9.9\bin;C:\Users\Rabbit\AppData\Local\Microsoft\WindowsApps;C:\Users\Rabbit\AppData\Local\Programs\Microsoft VS Code\bin;C:\Program Files\JetBrains\IntelliJ IDEA Community Edition 2023.3.3\bin;;C:\Users\Rabbit\AppData\Local\GitHubDesktop\bin;C:\Users\Rabbit\AppData\Roaming\npm;C:\Program Files\LOVE;;C:\questasim64_2024.1\win64;c:\Users\Rabbit\AppData\Roaming\Code\User\globalStorage\github.copilot-chat\debugCommand;."/>
    <property name="java.vm.info" value="mixed mode, sharing"/>
    <property name="stderr.encoding" value="Cp1252"/>
    <property name="java.vendor" value="Oracle Corporation"/>
    <property name="java.vm.version" value="21.0.2+13-LTS-58"/>
    <property name="sun.io.unicode.encoding" value="UnicodeLittle"/>
    <property name="java.class.version" value="65.0"/>
  </properties>
  <testcase name="testMethodsWithDBClosed" classname="ak.LoanWhiteBoxTest" time="0.247">
    <system-out><![CDATA[All data in the database has been erased.
Customer added successfully with ID: CUST-9e62699b
Account created successfully for Hamada
]]></system-out>
    <system-err><![CDATA[Error creating loan: This connection has been closed.
Error retrieving loan: This connection has been closed.
Error retrieving customer loans: This connection has been closed.
Error retrieving all loans: This connection has been closed.
Error removing loan: This connection has been closed.
]]></system-err>
  </testcase>
  <testcase name="testUpdateLoanRequestStatus" classname="ak.LoanWhiteBoxTest" time="0.353">
    <system-out><![CDATA[All data in the database has been erased.
Customer added successfully with ID: CUST-4a52ee3e
Account created successfully for Hamada
]]></system-out>
  </testcase>
  <testcase name="testLoanCreationWithInvalidParameters" classname="ak.LoanWhiteBoxTest" time="0.248">
    <system-out><![CDATA[All data in the database has been erased.
Customer added successfully with ID: CUST-286dbae2
Account created successfully for Hamada
]]></system-out>
  </testcase>
  <testcase name="testLoanMonthlyPaymentCalculation" classname="ak.LoanWhiteBoxTest" time="0.144">
    <system-out><![CDATA[All data in the database has been erased.
Customer added successfully with ID: CUST-df05cf9c
Account created successfully for Hamada
]]></system-out>
  </testcase>
  <testcase name="testPrintCustomerLoans" classname="ak.LoanWhiteBoxTest" time="0.267">
    <system-out><![CDATA[All data in the database has been erased.
Customer added successfully with ID: CUST-6a91f87e
Account created successfully for Hamada
]]></system-out>
  </testcase>
  <testcase name="testGetAllLoans" classname="ak.LoanWhiteBoxTest" time="0.141">
    <system-out><![CDATA[All data in the database has been erased.
Customer added successfully with ID: CUST-8427a3d0
Account created successfully for Hamada
Loan created successfully: LOAN-79d84e8d
]]></system-out>
  </testcase>
  <testcase name="testLoanCreation" classname="ak.LoanWhiteBoxTest" time="0.141">
    <system-out><![CDATA[All data in the database has been erased.
Customer added successfully with ID: CUST-8b1d9e4b
Account created successfully for Hamada
]]></system-out>
  </testcase>
  <testcase name="testGetLoanById" classname="ak.LoanWhiteBoxTest" time="0.265">
    <system-out><![CDATA[All data in the database has been erased.
Customer added successfully with ID: CUST-50ad36b1
Account created successfully for Hamada
Loan created successfully: LOAN-9d70c1f9
]]></system-out>
  </testcase>
  <testcase name="testCreateLoanWithInvalidData" classname="ak.LoanWhiteBoxTest" time="0.263">
    <system-out><![CDATA[All data in the database has been erased.
Customer added successfully with ID: CUST-a092022e
Account created successfully for Hamada
]]></system-out>
  </testcase>
  <testcase name="testSubmitLoanRequestWithEdgeCases" classname="ak.LoanWhiteBoxTest" time="0.21">
    <system-out><![CDATA[All data in the database has been erased.
Customer added successfully with ID: CUST-9d2797bc
Account created successfully for Hamada
]]></system-out>
  </testcase>
  <testcase name="testLoanRequestCreation" classname="ak.LoanWhiteBoxTest" time="0.14">
    <system-out><![CDATA[All data in the database has been erased.
Customer added successfully with ID: CUST-2d980f7c
Account created successfully for Hamada
]]></system-out>
  </testcase>
  <testcase name="testRemoveLoan" classname="ak.LoanWhiteBoxTest" time="0.14">
    <system-out><![CDATA[All data in the database has been erased.
Customer added successfully with ID: CUST-d2a30743
Account created successfully for Hamada
Loan created successfully: LOAN-bfb5289f
]]></system-out>
  </testcase>
  <testcase name="testCloseDB" classname="ak.LoanWhiteBoxTest" time="0.254">
    <system-out><![CDATA[All data in the database has been erased.
Customer added successfully with ID: CUST-ccaad7da
Account created successfully for Hamada
]]></system-out>
    <system-err><![CDATA[Error creating loan: This connection has been closed.
]]></system-err>
  </testcase>
  <testcase name="testGetLoansByCustomer" classname="ak.LoanWhiteBoxTest" time="0.14">
    <system-out><![CDATA[All data in the database has been erased.
Customer added successfully with ID: CUST-107a2ae1
Account created successfully for Hamada
Loan created successfully: LOAN-8909c8f1
]]></system-out>
  </testcase>
  <testcase name="testCreateLoan" classname="ak.LoanWhiteBoxTest" time="0.154">
    <system-out><![CDATA[All data in the database has been erased.
Customer added successfully with ID: CUST-35c8e125
Account created successfully for Hamada
Loan created successfully: LOAN-62e9fdab
]]></system-out>
  </testcase>
  <testcase name="testCreateLoanWithInvalidParameters" classname="ak.LoanWhiteBoxTest" time="0.149">
    <system-out><![CDATA[All data in the database has been erased.
Customer added successfully with ID: CUST-0c7076ed
Account created successfully for Hamada
]]></system-out>
  </testcase>
  <testcase name="testLoanTotalRepaymentCalculation" classname="ak.LoanWhiteBoxTest" time="0.249">
    <system-out><![CDATA[All data in the database has been erased.
Customer added successfully with ID: CUST-0ecc4268
Account created successfully for Hamada
]]></system-out>
  </testcase>
  <testcase name="testLoanDetailsCreation" classname="ak.LoanWhiteBoxTest" time="0.147">
    <system-out><![CDATA[All data in the database has been erased.
Customer added successfully with ID: CUST-6ff7ec9b
Account created successfully for Hamada
]]></system-out>
  </testcase>
  <testcase name="testSubmitLoanRequest" classname="ak.LoanWhiteBoxTest" time="0.383">
    <system-out><![CDATA[All data in the database has been erased.
Customer added successfully with ID: CUST-42edebc9
Account created successfully for Hamada
]]></system-out>
  </testcase>
  <testcase name="testLoanFinancialCalculationsWithEdgeCases" classname="ak.LoanWhiteBoxTest" time="0.147">
    <system-out><![CDATA[All data in the database has been erased.
Customer added successfully with ID: CUST-5b88d84b
Account created successfully for Hamada
]]></system-out>
  </testcase>
  <testcase name="testCreateLoanWithEdgeCases" classname="ak.LoanWhiteBoxTest" time="0.272">
    <system-out><![CDATA[All data in the database has been erased.
Customer added successfully with ID: CUST-3e4bf50e
Account created successfully for Hamada
]]></system-out>
  </testcase>
  <testcase name="testLoanPrintDetails" classname="ak.LoanWhiteBoxTest" time="0.147">
    <system-out><![CDATA[All data in the database has been erased.
Customer added successfully with ID: CUST-57e2e681
Account created successfully for Hamada
Loan ID: LOAN-da21da30
Customer ID: C123
Account Number: ACC123
Loan Amount: $10000.0
Interest Rate: 5.5%
Duration: 60 months
Monthly Payment: $191.01
Total Repayment: $11460.70
]]></system-out>
  </testcase>
  <testcase name="testGetAllLoanRequests" classname="ak.LoanWhiteBoxTest" time="0.203">
    <system-out><![CDATA[All data in the database has been erased.
Customer added successfully with ID: CUST-e1b6f132
Account created successfully for Hamada
]]></system-out>
  </testcase>
</testsuite>